DOMDocument Object
(
    [doctype] => (object value omitted)
    [implementation] => (object value omitted)
    [documentElement] => (object value omitted)
    [actualEncoding] => 
    [encoding] => 
    [xmlEncoding] => 
    [standalone] => 1
    [xmlStandalone] => 1
    [version] => 
    [xmlVersion] => 
    [strictErrorChecking] => 1
    [documentURI] => 
    [config] => 
    [formatOutput] => 
    [validateOnParse] => 
    [resolveExternals] => 
    [preserveWhiteSpace] => 1
    [recover] => 
    [substituteEntities] => 
    [nodeName] => #document
    [nodeValue] => 
    [nodeType] => 13
    [parentNode] => 
    [childNodes] => (object value omitted)
    [firstChild] => (object value omitted)
    [lastChild] => (object value omitted)
    [previousSibling] => 
    [attributes] => 
    [ownerDocument] => 
    [namespaceURI] => 
    [prefix] => 
    [localName] => 
    [baseURI] => 
    [textContent] => HTTP/1.1 200 OK
Set-Cookie: QUOTEBARUSED=NO
TDAHandler: PHAdvisorLogin
TDATemplate: login/login.html
Set-Cookie: JSESSIONID=CA46DC5A96467C2C093D850B6B8C667F; Path=/
Content-Length: 0
Date: Tue, 08 Jul 2014 03:57:26 GMT
Server: TDAmeritrade Server
Set-Cookie: NSC_qspe-ofyhfo-443-c02=ffffffff09889c0f45525d5f4f58455e445a4a423e10;path=/;httponly
Set-Cookie: NSC_QSPE-WFPOFYUHFO-DT=ffffffff098812eb45525d5f4f58455e445a4a4229a0;path=/;secure;httponly


)
